#
# There is insufficient memory for the Java Runtime Environment to continue.
# Native memory allocation (mmap) failed to map 109051904 bytes for Failed to commit area from 0x0000000621800000 to 0x0000000628000000 of length 109051904.
# Possible reasons:
#   The system is out of physical RAM or swap space
#   The process is running with CompressedOops enabled, and the Java Heap may be blocking the growth of the native heap
# Possible solutions:
#   Reduce memory load on the system
#   Increase physical memory or swap space
#   Check if swap backing store is full
#   Decrease Java heap size (-Xmx/-Xms)
#   Decrease number of Java threads
#   Decrease Java thread stack sizes (-Xss)
#   Set larger code cache with -XX:ReservedCodeCacheSize=
#   JVM is running with Zero Based Compressed Oops mode in which the Java heap is
#     placed in the first 32GB address space. The Java Heap base address is the
#     maximum limit for the native heap growth. Please use -XX:HeapBaseMinAddress
#     to set the Java Heap base and to place the Java Heap above 32GB virtual address.
# This output file may be truncated or incomplete.
#
#  Out of Memory Error (./open/src/hotspot/os/windows/os_windows.cpp:3292), pid=12912, tid=7000
#
# JRE version: Java(TM) SE Runtime Environment 18.9 (11.0.19+9) (build 11.0.19+9-LTS-224)
# Java VM: Java HotSpot(TM) 64-Bit Server VM 18.9 (11.0.19+9-LTS-224, mixed mode, tiered, compressed oops, g1 gc, windows-amd64)
# No core dump will be written. Minidumps are not enabled by default on client versions of Windows
#

---------------  S U M M A R Y ------------

Command Line: -XX:TieredStopAtLevel=1 -Xverify:none -Dspring.output.ansi.enabled=always -Dcom.sun.management.jmxremote -Dspring.jmx.enabled=true -Dspring.liveBeansView.mbeanDomain -Dspring.application.admin.enabled=true -Dmanagement.endpoints.jmx.exposure.include=* -javaagent:C:\Program Files\JetBrains\IntelliJ IDEA 2023.2.2\lib\idea_rt.jar=63919:C:\Program Files\JetBrains\IntelliJ IDEA 2023.2.2\bin -Dfile.encoding=UTF-8 lambich.dailyshop.DailyShopApplication

Host: Intel(R) Core(TM) i7-8750H CPU @ 2.20GHz, 12 cores, 31G,  Windows 10 , 64 bit Build 19041 (10.0.19041.3636)
Time: Wed Nov 22 02:25:03 2023 SE Asia Standard Time elapsed time: 17.103420 seconds (0d 0h 0m 17s)

---------------  T H R E A D  ---------------

Current thread (0x000002b5760d5000):  VMThread "VM Thread" [stack: 0x000000ddcec00000,0x000000ddced00000] [id=7000]

Stack: [0x000000ddcec00000,0x000000ddced00000]
[error occurred during error reporting (printing stack bounds), id 0xc0000005, EXCEPTION_ACCESS_VIOLATION (0xc0000005) at pc=0x000002b550560f2d]

Native frames: (J=compiled Java code, j=interpreted, Vv=VM code, C=native code)
V  [jvm.dll+0x65fe1a]
V  [jvm.dll+0x7a2bbf]
V  [jvm.dll+0x7a4289]
V  [jvm.dll+0x7a4885]
V  [jvm.dll+0x7a483b]
V  [jvm.dll+0x65f323]
V  [jvm.dll+0x65fa18]
C  [ntdll.dll+0xa23af]
C  [ntdll.dll+0x514b4]
C  [ntdll.dll+0xa0ebe]
C  0x000002b550560f2d

VM_Operation (0x000000ddd15fb6e0): CollectForMetadataAllocation, mode: safepoint, requested by thread 0x000002b57a3ed800


---------------  P R O C E S S  ---------------

Threads class SMR info:
_java_thread_list=0x000002b57a1ce800, length=34, elements={
0x000002b5760d6800, 0x000002b576102000, 0x000002b576152800, 0x000002b576153800,
0x000002b576157800, 0x000002b576164000, 0x000002b57616a000, 0x000002b576295800,
0x000002b5767af000, 0x000002b5769a1000, 0x000002b577687800, 0x000002b577685000,
0x000002b57982c000, 0x000002b5799ab800, 0x000002b5799b2800, 0x000002b5799b0000,
0x000002b5799b3800, 0x000002b5799b2000, 0x000002b5799b1000, 0x000002b5799b4800,
0x000002b5799ae800, 0x000002b5799af800, 0x000002b57a3f0800, 0x000002b57a3ed800,
0x000002b57a3ee000, 0x000002b57a3f4800, 0x000002b57a3f2000, 0x000002b57a3ef000,
0x000002b57a3f5800, 0x000002b57a3f1800, 0x000002b57a3f3000, 0x000002b57a3f4000,
0x000002b57a3ef800, 0x000002b57a3f7000
}

Java Threads: ( => current thread )
  0x000002b5760d6800 JavaThread "Reference Handler" daemon [_thread_blocked, id=20820, stack(0x000000ddced00000,0x000000ddcee00000)]
  0x000002b576102000 JavaThread "Finalizer" daemon [_thread_blocked, id=12636, stack(0x000000ddcee00000,0x000000ddcef00000)]
  0x000002b576152800 JavaThread "Signal Dispatcher" daemon [_thread_blocked, id=4864, stack(0x000000ddcef00000,0x000000ddcf000000)]
  0x000002b576153800 JavaThread "Attach Listener" daemon [_thread_blocked, id=9056, stack(0x000000ddcf000000,0x000000ddcf100000)]
  0x000002b576157800 JavaThread "Service Thread" daemon [_thread_blocked, id=21184, stack(0x000000ddcf100000,0x000000ddcf200000)]
  0x000002b576164000 JavaThread "C1 CompilerThread0" daemon [_thread_blocked, id=20076, stack(0x000000ddcf200000,0x000000ddcf300000)]
  0x000002b57616a000 JavaThread "Sweeper thread" daemon [_thread_blocked, id=18908, stack(0x000000ddcf300000,0x000000ddcf400000)]
  0x000002b576295800 JavaThread "Common-Cleaner" daemon [_thread_blocked, id=11132, stack(0x000000ddcf400000,0x000000ddcf500000)]
  0x000002b5767af000 JavaThread "Monitor Ctrl-Break" daemon [_thread_in_native, id=19220, stack(0x000000ddcf500000,0x000000ddcf600000)]
  0x000002b5769a1000 JavaThread "RMI TCP Accept-0" daemon [_thread_in_native, id=5080, stack(0x000000ddcf600000,0x000000ddcf700000)]
  0x000002b577687800 JavaThread "RMI TCP Connection(1)-192.168.1.6" daemon [_thread_in_native, id=12956, stack(0x000000ddd0400000,0x000000ddd0500000)]
  0x000002b577685000 JavaThread "RMI Scheduler(0)" daemon [_thread_blocked, id=17604, stack(0x000000ddd0500000,0x000000ddd0600000)]
  0x000002b57982c000 JavaThread "mysql-cj-abandoned-connection-cleanup" daemon [_thread_blocked, id=21432, stack(0x000000ddd0600000,0x000000ddd0700000)]
  0x000002b5799ab800 JavaThread "HikariPool-1 housekeeper" daemon [_thread_blocked, id=11544, stack(0x000000ddd0b00000,0x000000ddd0c00000)]
  0x000002b5799b2800 JavaThread "Catalina-utility-1" [_thread_blocked, id=19084, stack(0x000000ddd0c00000,0x000000ddd0d00000)]
  0x000002b5799b0000 JavaThread "Catalina-utility-2" [_thread_blocked, id=14580, stack(0x000000ddd0d00000,0x000000ddd0e00000)]
  0x000002b5799b3800 JavaThread "container-0" [_thread_blocked, id=17428, stack(0x000000ddd0e00000,0x000000ddd0f00000)]
  0x000002b5799b2000 JavaThread "File Watcher" daemon [_thread_blocked, id=10940, stack(0x000000ddd0f00000,0x000000ddd1000000)]
  0x000002b5799b1000 JavaThread "Live Reload Server" daemon [_thread_in_native, id=19844, stack(0x000000ddd1100000,0x000000ddd1200000)]
  0x000002b5799b4800 JavaThread "http-nio-8080-exec-1" daemon [_thread_blocked, id=16856, stack(0x000000ddd1000000,0x000000ddd1100000)]
  0x000002b5799ae800 JavaThread "http-nio-8080-exec-2" daemon [_thread_blocked, id=21336, stack(0x000000ddd1200000,0x000000ddd1300000)]
  0x000002b5799af800 JavaThread "http-nio-8080-exec-3" daemon [_thread_blocked, id=17444, stack(0x000000ddd1300000,0x000000ddd1400000)]
  0x000002b57a3f0800 JavaThread "http-nio-8080-exec-4" daemon [_thread_blocked, id=15436, stack(0x000000ddd1400000,0x000000ddd1500000)]
  0x000002b57a3ed800 JavaThread "http-nio-8080-exec-5" daemon [_thread_blocked, id=21376, stack(0x000000ddd1500000,0x000000ddd1600000)]
  0x000002b57a3ee000 JavaThread "http-nio-8080-exec-6" daemon [_thread_blocked, id=13920, stack(0x000000ddd1600000,0x000000ddd1700000)]
  0x000002b57a3f4800 JavaThread "http-nio-8080-exec-7" daemon [_thread_blocked, id=13508, stack(0x000000ddd1700000,0x000000ddd1800000)]
  0x000002b57a3f2000 JavaThread "http-nio-8080-exec-8" daemon [_thread_blocked, id=20764, stack(0x000000ddd1800000,0x000000ddd1900000)]
  0x000002b57a3ef000 JavaThread "http-nio-8080-exec-9" daemon [_thread_blocked, id=21240, stack(0x000000ddd1900000,0x000000ddd1a00000)]
  0x000002b57a3f5800 JavaThread "http-nio-8080-exec-10" daemon [_thread_blocked, id=15384, stack(0x000000ddd1a00000,0x000000ddd1b00000)]
  0x000002b57a3f1800 JavaThread "http-nio-8080-Poller" daemon [_thread_in_native, id=8196, stack(0x000000ddd1b00000,0x000000ddd1c00000)]
  0x000002b57a3f3000 JavaThread "http-nio-8080-Acceptor" daemon [_thread_in_native, id=20656, stack(0x000000ddd1c00000,0x000000ddd1d00000)]
  0x000002b57a3f4000 JavaThread "DestroyJavaVM" [_thread_blocked, id=10176, stack(0x000000ddce600000,0x000000ddce700000)]
  0x000002b57a3ef800 JavaThread "RMI TCP Connection(2)-192.168.1.6" daemon [_thread_in_native, id=3680, stack(0x000000ddd0200000,0x000000ddd0300000)]
  0x000002b57a3f7000 JavaThread "RMI TCP Connection(3)-192.168.1.6" daemon [_thread_in_native, id=11588, stack(0x000000ddd0300000,0x000000ddd0400000)]

Other Threads:
=>0x000002b5760d5000 VMThread "VM Thread" [stack: 0x000000ddcec00000,0x000000ddced00000] [id=7000]
  0x000002b576985000 WatcherThread [stack: 0x000000ddcf700000,0x000000ddcf800000] [id=19212]
  0x000002b548ea8800 GCTaskThread "GC Thread#0" [stack: 0x000000ddce700000,0x000000ddce800000] [id=15840]
  0x000002b5776ad000 GCTaskThread "GC Thread#1" [stack: 0x000000ddcf800000,0x000000ddcf900000] [id=10936]
  0x000002b5776ae000 GCTaskThread "GC Thread#2" [stack: 0x000000ddcf900000,0x000000ddcfa00000] [id=12356]
  0x000002b5776ae800 GCTaskThread "GC Thread#3" [stack: 0x000000ddcfa00000,0x000000ddcfb00000] [id=3812]
  0x000002b5776af800 GCTaskThread "GC Thread#4" [stack: 0x000000ddcfb00000,0x000000ddcfc00000] [id=1220]
  0x000002b5776b5000 GCTaskThread "GC Thread#5" [stack: 0x000000ddcfc00000,0x000000ddcfd00000] [id=21360]
  0x000002b5776ba000 GCTaskThread "GC Thread#6" [stack: 0x000000ddcfd00000,0x000000ddcfe00000] [id=1104]
  0x000002b5776bd000 GCTaskThread "GC Thread#7" [stack: 0x000000ddcfe00000,0x000000ddcff00000] [id=16784]
  0x000002b5776c1800 GCTaskThread "GC Thread#8" [stack: 0x000000ddcff00000,0x000000ddd0000000] [id=19184]
  0x000002b5776c0000 GCTaskThread "GC Thread#9" [stack: 0x000000ddd0000000,0x000000ddd0100000] [id=3440]
  0x000002b548f24000 ConcurrentGCThread "G1 Main Marker" [stack: 0x000000ddce800000,0x000000ddce900000] [id=20516]
  0x000002b548f26000 ConcurrentGCThread "G1 Conc#0" [stack: 0x000000ddce900000,0x000000ddcea00000] [id=10980]
  0x000002b5776bf000 ConcurrentGCThread "G1 Conc#1" [stack: 0x000000ddd0700000,0x000000ddd0800000] [id=18324]
  0x000002b5776c2000 ConcurrentGCThread "G1 Conc#2" [stack: 0x000000ddd0800000,0x000000ddd0900000] [id=2272]
  0x000002b57573e800 ConcurrentGCThread "G1 Refine#0" [stack: 0x000000ddcea00000,0x000000ddceb00000] [id=6128]
  0x000002b5776c7000 ConcurrentGCThread "G1 Refine#1" [stack: 0x000000ddd0100000,0x000000ddd0200000] [id=4832]
  0x000002b57573f800 ConcurrentGCThread "G1 Young RemSet Sampling" [stack: 0x000000ddceb00000,0x000000ddcec00000] [id=3428]

Threads with active compile tasks:

VM state:at safepoint (normal execution)

VM Mutex/Monitor currently owned by a thread:  ([mutex/lock_event])
[0x000002b548e8f7c0] Threads_lock - owner thread: 0x000002b5760d5000
[0x000002b548e90c90] Heap_lock - owner thread: 0x000002b57a3ed800

OutOfMemory and StackOverflow Exception counts:
StackOverflowErrors=27
LinkageErrors=97

Heap address: 0x0000000601800000, size: 8168 MB, Compressed Oops mode: Zero based, Oop shift amount: 3
Narrow klass base: 0x0000000800000000, Narrow klass shift: 0
Compressed class space size: 1073741824 Address: 0x0000000800000000

Heap:
 garbage-first heap   total 630784K, used 32873K [0x0000000601800000, 0x0000000800000000)
  region size 2048K, 12 young (24576K), 12 survivors (24576K)
 Metaspace       used 72595K, capacity 74823K, committed 75008K, reserved 1114112K
  class space    used 9508K, capacity 10374K, committed 10496K, reserved 1048576K
Heap Regions: E=young(eden), S=young(survivor), O=old, HS=humongous(starts), HC=humongous(continues), CS=collection set, F=free, A=archive, TAMS=top-at-mark-start (previous, next)
|   0|0x0000000601800000, 0x0000000601a00000, 0x0000000601a00000|100%| O|  |TAMS 0x0000000601a00000, 0x0000000601a00000| Untracked 
|   1|0x0000000601a00000, 0x0000000601c00000, 0x0000000601c00000|100%| O|  |TAMS 0x0000000601c00000, 0x0000000601c00000| Untracked 
|   2|0x0000000601c00000, 0x0000000601e00000, 0x0000000601e00000|100%| O|  |TAMS 0x0000000601e00000, 0x0000000601e00000| Untracked 
|   3|0x0000000601e00000, 0x0000000602000000, 0x0000000602000000|100%| O|  |TAMS 0x0000000601f63400, 0x0000000602000000| Untracked 
|   4|0x0000000602000000, 0x000000060201a400, 0x0000000602200000|  5%| O|  |TAMS 0x0000000602000000, 0x000000060201a400| Untracked 
|   5|0x0000000602200000, 0x0000000602200000, 0x0000000602400000|  0%| F|  |TAMS 0x0000000602200000, 0x0000000602200000| Untracked 
|   6|0x0000000602400000, 0x0000000602400000, 0x0000000602600000|  0%| F|  |TAMS 0x0000000602400000, 0x0000000602400000| Untracked 
|   7|0x0000000602600000, 0x0000000602600000, 0x0000000602800000|  0%| F|  |TAMS 0x0000000602600000, 0x0000000602600000| Untracked 
|   8|0x0000000602800000, 0x0000000602800000, 0x0000000602a00000|  0%| F|  |TAMS 0x0000000602800000, 0x0000000602800000| Untracked 
|   9|0x0000000602a00000, 0x0000000602a00000, 0x0000000602c00000|  0%| F|  |TAMS 0x0000000602a00000, 0x0000000602a00000| Untracked 
|  10|0x0000000602c00000, 0x0000000602c00000, 0x0000000602e00000|  0%| F|  |TAMS 0x0000000602c00000, 0x0000000602c00000| Untracked 
|  11|0x0000000602e00000, 0x0000000602e00000, 0x0000000603000000|  0%| F|  |TAMS 0x0000000602e00000, 0x0000000602e00000| Untracked 
|  12|0x0000000603000000, 0x0000000603000000, 0x0000000603200000|  0%| F|  |TAMS 0x0000000603000000, 0x0000000603000000| Untracked 
|  13|0x0000000603200000, 0x0000000603200000, 0x0000000603400000|  0%| F|  |TAMS 0x0000000603200000, 0x0000000603200000| Untracked 
|  14|0x0000000603400000, 0x0000000603400000, 0x0000000603600000|  0%| F|  |TAMS 0x0000000603400000, 0x0000000603400000| Untracked 
|  15|0x0000000603600000, 0x0000000603600000, 0x0000000603800000|  0%| F|  |TAMS 0x0000000603600000, 0x0000000603600000| Untracked 
|  16|0x0000000603800000, 0x0000000603800000, 0x0000000603a00000|  0%| F|  |TAMS 0x0000000603800000, 0x0000000603800000| Untracked 
|  17|0x0000000603a00000, 0x0000000603a00000, 0x0000000603c00000|  0%| F|  |TAMS 0x0000000603a00000, 0x0000000603a00000| Untracked 
|  18|0x0000000603c00000, 0x0000000603c00000, 0x0000000603e00000|  0%| F|  |TAMS 0x0000000603c00000, 0x0000000603c00000| Untracked 
|  19|0x0000000603e00000, 0x0000000603e00000, 0x0000000604000000|  0%| F|  |TAMS 0x0000000603e00000, 0x0000000603e00000| Untracked 
|  20|0x0000000604000000, 0x0000000604000000, 0x0000000604200000|  0%| F|  |TAMS 0x0000000604000000, 0x0000000604000000| Untracked 
|  21|0x0000000604200000, 0x0000000604200000, 0x0000000604400000|  0%| F|  |TAMS 0x0000000604200000, 0x0000000604200000| Untracked 
|  22|0x0000000604400000, 0x0000000604400000, 0x0000000604600000|  0%| F|  |TAMS 0x0000000604400000, 0x0000000604400000| Untracked 
|  23|0x0000000604600000, 0x0000000604600000, 0x0000000604800000|  0%| F|  |TAMS 0x0000000604600000, 0x0000000604600000| Untracked 
|  24|0x0000000604800000, 0x0000000604800000, 0x0000000604a00000|  0%| F|  |TAMS 0x0000000604800000, 0x0000000604800000| Untracked 
|  25|0x0000000604a00000, 0x0000000604a00000, 0x0000000604c00000|  0%| F|  |TAMS 0x0000000604a00000, 0x0000000604a00000| Untracked 
|  26|0x0000000604c00000, 0x0000000604c00000, 0x0000000604e00000|  0%| F|  |TAMS 0x0000000604c00000, 0x0000000604c00000| Untracked 
|  27|0x0000000604e00000, 0x0000000604e00000, 0x0000000605000000|  0%| F|  |TAMS 0x0000000604e00000, 0x0000000604e00000| Untracked 
|  28|0x0000000605000000, 0x0000000605000000, 0x0000000605200000|  0%| F|  |TAMS 0x0000000605000000, 0x0000000605000000| Untracked 
|  29|0x0000000605200000, 0x0000000605200000, 0x0000000605400000|  0%| F|  |TAMS 0x0000000605200000, 0x0000000605200000| Untracked 
|  30|0x0000000605400000, 0x0000000605400000, 0x0000000605600000|  0%| F|  |TAMS 0x0000000605400000, 0x0000000605400000| Untracked 
|  31|0x0000000605600000, 0x0000000605600000, 0x0000000605800000|  0%| F|  |TAMS 0x0000000605600000, 0x0000000605600000| Untracked 
|  32|0x0000000605800000, 0x0000000605800000, 0x0000000605a00000|  0%| F|  |TAMS 0x0000000605800000, 0x0000000605800000| Untracked 
|  33|0x0000000605a00000, 0x0000000605a00000, 0x0000000605c00000|  0%| F|  |TAMS 0x0000000605a00000, 0x0000000605a00000| Untracked 
|  34|0x0000000605c00000, 0x0000000605c00000, 0x0000000605e00000|  0%| F|  |TAMS 0x0000000605c00000, 0x0000000605c00000| Untracked 
|  35|0x0000000605e00000, 0x0000000605e00000, 0x0000000606000000|  0%| F|  |TAMS 0x0000000605e00000, 0x0000000605e00000| Untracked 
|  36|0x0000000606000000, 0x0000000606000000, 0x0000000606200000|  0%| F|  |TAMS 0x0000000606000000, 0x0000000606000000| Untracked 
|  37|0x0000000606200000, 0x0000000606200000, 0x0000000606400000|  0%| F|  |TAMS 0x0000000606200000, 0x0000000606200000| Untracked 
|  38|0x0000000606400000, 0x0000000606400000, 0x0000000606600000|  0%| F|  |TAMS 0x0000000606400000, 0x0000000606400000| Untracked 
|  39|0x0000000606600000, 0x0000000606600000, 0x0000000606800000|  0%| F|  |TAMS 0x0000000606600000, 0x0000000606600000| Untracked 
|  40|0x0000000606800000, 0x0000000606800000, 0x0000000606a00000|  0%| F|  |TAMS 0x0000000606800000, 0x0000000606800000| Untracked 
|  41|0x0000000606a00000, 0x0000000606a00000, 0x0000000606c00000|  0%| F|  |TAMS 0x0000000606a00000, 0x0000000606a00000| Untracked 
|  42|0x0000000606c00000, 0x0000000606c00000, 0x0000000606e00000|  0%| F|  |TAMS 0x0000000606c00000, 0x0000000606c00000| Untracked 
|  43|0x0000000606e00000, 0x0000000606e00000, 0x0000000607000000|  0%| F|  |TAMS 0x0000000606e00000, 0x0000000606e00000| Untracked 
|  44|0x0000000607000000, 0x0000000607000000, 0x0000000607200000|  0%| F|  |TAMS 0x0000000607000000, 0x0000000607000000| Untracked 
|  45|0x0000000607200000, 0x0000000607200000, 0x0000000607400000|  0%| F|  |TAMS 0x0000000607200000, 0x0000000607200000| Untracked 
|  46|0x0000000607400000, 0x0000000607400000, 0x0000000607600000|  0%| F|  |TAMS 0x0000000607400000, 0x0000000607400000| Untracked 
|  47|0x0000000607600000, 0x0000000607600000, 0x0000000607800000|  0%| F|  |TAMS 0x0000000607600000, 0x0000000607600000| Untracked 
|  48|0x0000000607800000, 0x0000000607800000, 0x0000000607a00000|  0%| F|  |TAMS 0x0000000607800000, 0x0000000607800000| Untracked 
|  49|0x0000000607a00000, 0x0000000607a00000, 0x0000000607c00000|  0%| F|  |TAMS 0x0000000607a00000, 0x0000000607a00000| Untracked 
|  50|0x0000000607c00000, 0x0000000607c00000, 0x0000000607e00000|  0%| F|  |TAMS 0x0000000607c00000, 0x0000000607c00000| Untracked 
|  51|0x0000000607e00000, 0x0000000607e00000, 0x0000000608000000|  0%| F|  |TAMS 0x0000000607e00000, 0x0000000607e00000| Untracked 
|  52|0x0000000608000000, 0x0000000608000000, 0x0000000608200000|  0%| F|  |TAMS 0x0000000608000000, 0x0000000608000000| Untracked 
|  53|0x0000000608200000, 0x0000000608200000, 0x0000000608400000|  0%| F|  |TAMS 0x0000000608200000, 0x0000000608200000| Untracked 
|  54|0x0000000608400000, 0x0000000608400000, 0x0000000608600000|  0%| F|  |TAMS 0x0000000608400000, 0x0000000608400000| Untracked 
|  55|0x0000000608600000, 0x0000000608600000, 0x0000000608800000|  0%| F|  |TAMS 0x0000000608600000, 0x0000000608600000| Untracked 
|  56|0x0000000608800000, 0x0000000608800000, 0x0000000608a00000|  0%| F|  |TAMS 0x0000000608800000, 0x0000000608800000| Untracked 
|  57|0x0000000608a00000, 0x0000000608a00000, 0x0000000608c00000|  0%| F|  |TAMS 0x0000000608a00000, 0x0000000608a00000| Untracked 
|  58|0x0000000608c00000, 0x0000000608c00000, 0x0000000608e00000|  0%| F|  |TAMS 0x0000000608c00000, 0x0000000608c00000| Untracked 
|  59|0x0000000608e00000, 0x0000000608e00000, 0x0000000609000000|  0%| F|  |TAMS 0x0000000608e00000, 0x0000000608e00000| Untracked 
|  60|0x0000000609000000, 0x0000000609000000, 0x0000000609200000|  0%| F|  |TAMS 0x0000000609000000, 0x0000000609000000| Untracked 
|  61|0x0000000609200000, 0x0000000609200000, 0x0000000609400000|  0%| F|  |TAMS 0x0000000609200000, 0x0000000609200000| Untracked 
|  62|0x0000000609400000, 0x0000000609400000, 0x0000000609600000|  0%| F|  |TAMS 0x0000000609400000, 0x0000000609400000| Untracked 
|  63|0x0000000609600000, 0x0000000609600000, 0x0000000609800000|  0%| F|  |TAMS 0x0000000609600000, 0x0000000609600000| Untracked 
|  64|0x0000000609800000, 0x0000000609800000, 0x0000000609a00000|  0%| F|  |TAMS 0x0000000609800000, 0x0000000609800000| Untracked 
|  65|0x0000000609a00000, 0x0000000609a00000, 0x0000000609c00000|  0%| F|  |TAMS 0x0000000609a00000, 0x0000000609a00000| Untracked 
|  66|0x0000000609c00000, 0x0000000609c00000, 0x0000000609e00000|  0%| F|  |TAMS 0x0000000609c00000, 0x0000000609c00000| Untracked 
|  67|0x0000000609e00000, 0x0000000609e00000, 0x000000060a000000|  0%| F|  |TAMS 0x0000000609e00000, 0x0000000609e00000| Untracked 
|  68|0x000000060a000000, 0x000000060a000000, 0x000000060a200000|  0%| F|  |TAMS 0x000000060a000000, 0x000000060a000000| Untracked 
|  69|0x000000060a200000, 0x000000060a200000, 0x000000060a400000|  0%| F|  |TAMS 0x000000060a200000, 0x000000060a200000| Untracked 
|  70|0x000000060a400000, 0x000000060a400000, 0x000000060a600000|  0%| F|  |TAMS 0x000000060a400000, 0x000000060a400000| Untracked 
|  71|0x000000060a600000, 0x000000060a600000, 0x000000060a800000|  0%| F|  |TAMS 0x000000060a600000, 0x000000060a600000| Untracked 
|  72|0x000000060a800000, 0x000000060a800000, 0x000000060aa00000|  0%| F|  |TAMS 0x000000060a800000, 0x000000060a800000| Untracked 
|  73|0x000000060aa00000, 0x000000060aa00000, 0x000000060ac00000|  0%| F|  |TAMS 0x000000060aa00000, 0x000000060aa00000| Untracked 
|  74|0x000000060ac00000, 0x000000060ac00000, 0x000000060ae00000|  0%| F|  |TAMS 0x000000060ac00000, 0x000000060ac00000| Untracked 
|  75|0x000000060ae00000, 0x000000060ae00000, 0x000000060b000000|  0%| F|  |TAMS 0x000000060ae00000, 0x000000060ae00000| Untracked 
|  76|0x000000060b000000, 0x000000060b000000, 0x000000060b200000|  0%| F|  |TAMS 0x000000060b000000, 0x000000060b000000| Untracked 
|  77|0x000000060b200000, 0x000000060b200000, 0x000000060b400000|  0%| F|  |TAMS 0x000000060b200000, 0x000000060b200000| Untracked 
|  78|0x000000060b400000, 0x000000060b400000, 0x000000060b600000|  0%| F|  |TAMS 0x000000060b400000, 0x000000060b400000| Untracked 
|  79|0x000000060b600000, 0x000000060b600000, 0x000000060b800000|  0%| F|  |TAMS 0x000000060b600000, 0x000000060b600000| Untracked 
|  80|0x000000060b800000, 0x000000060b800000, 0x000000060ba00000|  0%| F|  |TAMS 0x000000060b800000, 0x000000060b800000| Untracked 
|  81|0x000000060ba00000, 0x000000060ba00000, 0x000000060bc00000|  0%| F|  |TAMS 0x000000060ba00000, 0x000000060ba00000| Untracked 
|  82|0x000000060bc00000, 0x000000060bc00000, 0x000000060be00000|  0%| F|  |TAMS 0x000000060bc00000, 0x000000060bc00000| Untracked 
|  83|0x000000060be00000, 0x000000060be00000, 0x000000060c000000|  0%| F|  |TAMS 0x000000060be00000, 0x000000060be00000| Untracked 
|  84|0x000000060c000000, 0x000000060c000000, 0x000000060c200000|  0%| F|  |TAMS 0x000000060c000000, 0x000000060c000000| Untracked 
|  85|0x000000060c200000, 0x000000060c200000, 0x000000060c400000|  0%| F|  |TAMS 0x000000060c200000, 0x000000060c200000| Untracked 
|  86|0x000000060c400000, 0x000000060c400000, 0x000000060c600000|  0%| F|  |TAMS 0x000000060c400000, 0x000000060c400000| Untracked 
|  87|0x000000060c600000, 0x000000060c600000, 0x000000060c800000|  0%| F|  |TAMS 0x000000060c600000, 0x000000060c600000| Untracked 
|  88|0x000000060c800000, 0x000000060c800000, 0x000000060ca00000|  0%| F|  |TAMS 0x000000060c800000, 0x000000060c800000| Untracked 
|  89|0x000000060ca00000, 0x000000060ca00000, 0x000000060cc00000|  0%| F|  |TAMS 0x000000060ca00000, 0x000000060ca00000| Untracked 
|  90|0x000000060cc00000, 0x000000060cc00000, 0x000000060ce00000|  0%| F|  |TAMS 0x000000060cc00000, 0x000000060cc00000| Untracked 
|  91|0x000000060ce00000, 0x000000060ce00000, 0x000000060d000000|  0%| F|  |TAMS 0x000000060ce00000, 0x000000060ce00000| Untracked 
|  92|0x000000060d000000, 0x000000060d000000, 0x000000060d200000|  0%| F|  |TAMS 0x000000060d000000, 0x000000060d000000| Untracked 
|  93|0x000000060d200000, 0x000000060d200000, 0x000000060d400000|  0%| F|  |TAMS 0x000000060d200000, 0x000000060d200000| Untracked 
|  94|0x000000060d400000, 0x000000060d400000, 0x000000060d600000|  0%| F|  |TAMS 0x000000060d400000, 0x000000060d400000| Untracked 
|  95|0x000000060d600000, 0x000000060d600000, 0x000000060d800000|  0%| F|  |TAMS 0x000000060d600000, 0x000000060d600000| Untracked 
|  96|0x000000060d800000, 0x000000060d800000, 0x000000060da00000|  0%| F|  |TAMS 0x000000060d800000, 0x000000060d800000| Untracked 
|  97|0x000000060da00000, 0x000000060da00000, 0x000000060dc00000|  0%| F|  |TAMS 0x000000060da00000, 0x000000060da00000| Untracked 
|  98|0x000000060dc00000, 0x000000060dc00000, 0x000000060de00000|  0%| F|  |TAMS 0x000000060dc00000, 0x000000060dc00000| Untracked 
|  99|0x000000060de00000, 0x000000060de00000, 0x000000060e000000|  0%| F|  |TAMS 0x000000060de00000, 0x000000060de00000| Untracked 
| 100|0x000000060e000000, 0x000000060e000000, 0x000000060e200000|  0%| F|  |TAMS 0x000000060e000000, 0x000000060e000000| Untracked 
| 101|0x000000060e200000, 0x000000060e200000, 0x000000060e400000|  0%| F|  |TAMS 0x000000060e200000, 0x000000060e200000| Untracked 
| 102|0x000000060e400000, 0x000000060e400000, 0x000000060e600000|  0%| F|  |TAMS 0x000000060e400000, 0x000000060e400000| Untracked 
| 103|0x000000060e600000, 0x000000060e600000, 0x000000060e800000|  0%| F|  |TAMS 0x000000060e600000, 0x000000060e600000| Untracked 
| 104|0x000000060e800000, 0x000000060e800000, 0x000000060ea00000|  0%| F|  |TAMS 0x000000060e800000, 0x000000060e800000| Untracked 
| 105|0x000000060ea00000, 0x000000060ea00000, 0x000000060ec00000|  0%| F|  |TAMS 0x000000060ea00000, 0x000000060ea00000| Untracked 
| 106|0x000000060ec00000, 0x000000060ec00000, 0x000000060ee00000|  0%| F|  |TAMS 0x000000060ec00000, 0x000000060ec00000| Untracked 
| 107|0x000000060ee00000, 0x000000060ee00000, 0x000000060f000000|  0%| F|  |TAMS 0x000000060ee00000, 0x000000060ee00000| Untracked 
| 108|0x000000060f000000, 0x000000060f000000, 0x000000060f200000|  0%| F|  |TAMS 0x000000060f000000, 0x000000060f000000| Untracked 
| 109|0x000000060f200000, 0x000000060f200000, 0x000000060f400000|  0%| F|  |TAMS 0x000000060f200000, 0x000000060f200000| Untracked 
| 110|0x000000060f400000, 0x000000060f400000, 0x000000060f600000|  0%| F|  |TAMS 0x000000060f400000, 0x000000060f400000| Untracked 
| 111|0x000000060f600000, 0x000000060f600000, 0x000000060f800000|  0%| F|  |TAMS 0x000000060f600000, 0x000000060f600000| Untracked 
| 112|0x000000060f800000, 0x000000060f800000, 0x000000060fa00000|  0%| F|  |TAMS 0x000000060f800000, 0x000000060f800000| Untracked 
| 113|0x000000060fa00000, 0x000000060fa00000, 0x000000060fc00000|  0%| F|  |TAMS 0x000000060fa00000, 0x000000060fa00000| Untracked 
| 114|0x000000060fc00000, 0x000000060fc00000, 0x000000060fe00000|  0%| F|  |TAMS 0x000000060fc00000, 0x000000060fc00000| Untracked 
| 115|0x000000060fe00000, 0x000000060fe00000, 0x0000000610000000|  0%| F|  |TAMS 0x000000060fe00000, 0x000000060fe00000| Untracked 
| 116|0x0000000610000000, 0x0000000610000000, 0x0000000610200000|  0%| F|  |TAMS 0x0000000610000000, 0x0000000610000000| Untracked 
| 117|0x0000000610200000, 0x0000000610200000, 0x0000000610400000|  0%| F|  |TAMS 0x0000000610200000, 0x0000000610200000| Untracked 
| 118|0x0000000610400000, 0x0000000610400000, 0x0000000610600000|  0%| F|  |TAMS 0x0000000610400000, 0x0000000610400000| Untracked 
| 119|0x0000000610600000, 0x0000000610600000, 0x0000000610800000|  0%| F|  |TAMS 0x0000000610600000, 0x0000000610600000| Untracked 
| 120|0x0000000610800000, 0x0000000610800000, 0x0000000610a00000|  0%| F|  |TAMS 0x0000000610800000, 0x0000000610800000| Untracked 
| 121|0x0000000610a00000, 0x0000000610a00000, 0x0000000610c00000|  0%| F|  |TAMS 0x0000000610a00000, 0x0000000610a00000| Untracked 
| 122|0x0000000610c00000, 0x0000000610c00000, 0x0000000610e00000|  0%| F|  |TAMS 0x0000000610c00000, 0x0000000610c00000| Untracked 
| 123|0x0000000610e00000, 0x0000000610e00000, 0x0000000611000000|  0%| F|  |TAMS 0x0000000610e00000, 0x0000000610e00000| Untracked 
| 124|0x0000000611000000, 0x0000000611000000, 0x0000000611200000|  0%| F|  |TAMS 0x0000000611000000, 0x0000000611000000| Untracked 
| 125|0x0000000611200000, 0x0000000611200000, 0x0000000611400000|  0%| F|  |TAMS 0x0000000611200000, 0x0000000611200000| Untracked 
| 126|0x0000000611400000, 0x0000000611400000, 0x0000000611600000|  0%| F|  |TAMS 0x0000000611400000, 0x0000000611400000| Untracked 
| 127|0x0000000611600000, 0x0000000611600000, 0x0000000611800000|  0%| F|  |TAMS 0x0000000611600000, 0x0000000611600000| Untracked 
| 128|0x0000000611800000, 0x0000000611800000, 0x0000000611a00000|  0%| F|  |TAMS 0x0000000611800000, 0x0000000611800000| Untracked 
| 129|0x0000000611a00000, 0x0000000611a00000, 0x0000000611c00000|  0%| F|  |TAMS 0x0000000611a00000, 0x0000000611a00000| Untracked 
| 130|0x0000000611c00000, 0x0000000611c00000, 0x0000000611e00000|  0%| F|  |TAMS 0x0000000611c00000, 0x0000000611c00000| Untracked 
| 131|0x0000000611e00000, 0x0000000611e00000, 0x0000000612000000|  0%| F|  |TAMS 0x0000000611e00000, 0x0000000611e00000| Untracked 
| 132|0x0000000612000000, 0x0000000612000000, 0x0000000612200000|  0%| F|  |TAMS 0x0000000612000000, 0x0000000612000000| Untracked 
| 133|0x0000000612200000, 0x0000000612200000, 0x0000000612400000|  0%| F|  |TAMS 0x0000000612200000, 0x0000000612200000| Untracked 
| 134|0x0000000612400000, 0x0000000612400000, 0x0000000612600000|  0%| F|  |TAMS 0x0000000612400000, 0x0000000612400000| Untracked 
| 135|0x0000000612600000, 0x0000000612600000, 0x0000000612800000|  0%| F|  |TAMS 0x0000000612600000, 0x0000000612600000| Untracked 
| 136|0x0000000612800000, 0x0000000612800000, 0x0000000612a00000|  0%| F|  |TAMS 0x0000000612800000, 0x0000000612800000| Untracked 
| 137|0x0000000612a00000, 0x0000000612a00000, 0x0000000612c00000|  0%| F|  |TAMS 0x0000000612a00000, 0x0000000612a00000| Untracked 
| 138|0x0000000612c00000, 0x0000000612c00000, 0x0000000612e00000|  0%| F|  |TAMS 0x0000000612c00000, 0x0000000612c00000| Untracked 
| 139|0x0000000612e00000, 0x0000000612e00000, 0x0000000613000000|  0%| F|  |TAMS 0x0000000612e00000, 0x0000000612e00000| Untracked 
| 140|0x0000000613000000, 0x0000000613000000, 0x0000000613200000|  0%| F|  |TAMS 0x0000000613000000, 0x0000000613000000| Untracked 
| 141|0x0000000613200000, 0x0000000613200000, 0x0000000613400000|  0%| F|  |TAMS 0x0000000613200000, 0x0000000613200000| Untracked 
| 142|0x0000000613400000, 0x0000000613400000, 0x0000000613600000|  0%| F|  |TAMS 0x0000000613400000, 0x0000000613400000| Untracked 
| 143|0x0000000613600000, 0x0000000613600000, 0x0000000613800000|  0%| F|  |TAMS 0x0000000613600000, 0x0000000613600000| Untracked 
| 144|0x0000000613800000, 0x0000000613800000, 0x0000000613a00000|  0%| F|  |TAMS 0x0000000613800000, 0x0000000613800000| Untracked 
| 145|0x0000000613a00000, 0x0000000613a00000, 0x0000000613c00000|  0%| F|  |TAMS 0x0000000613a00000, 0x0000000613a00000| Untracked 
| 146|0x0000000613c00000, 0x0000000613c00000, 0x0000000613e00000|  0%| F|  |TAMS 0x0000000613c00000, 0x0000000613c00000| Untracked 
| 147|0x0000000613e00000, 0x0000000613e00000, 0x0000000614000000|  0%| F|  |TAMS 0x0000000613e00000, 0x0000000613e00000| Untracked 
| 148|0x0000000614000000, 0x0000000614000000, 0x0000000614200000|  0%| F|  |TAMS 0x0000000614000000, 0x0000000614000000| Untracked 
| 149|0x0000000614200000, 0x0000000614200000, 0x0000000614400000|  0%| F|  |TAMS 0x0000000614200000, 0x0000000614200000| Untracked 
| 150|0x0000000614400000, 0x0000000614400000, 0x0000000614600000|  0%| F|  |TAMS 0x0000000614400000, 0x0000000614400000| Untracked 
| 151|0x0000000614600000, 0x0000000614600000, 0x0000000614800000|  0%| F|  |TAMS 0x0000000614600000, 0x0000000614600000| Untracked 
| 152|0x0000000614800000, 0x0000000614800000, 0x0000000614a00000|  0%| F|  |TAMS 0x0000000614800000, 0x0000000614800000| Untracked 
| 153|0x0000000614a00000, 0x0000000614a00000, 0x0000000614c00000|  0%| F|  |TAMS 0x0000000614a00000, 0x0000000614a00000| Untracked 
| 154|0x0000000614c00000, 0x0000000614c00000, 0x0000000614e00000|  0%| F|  |TAMS 0x0000000614c00000, 0x0000000614c00000| Untracked 
| 155|0x0000000614e00000, 0x0000000614e00000, 0x0000000615000000|  0%| F|  |TAMS 0x0000000614e00000, 0x0000000614e00000| Untracked 
| 156|0x0000000615000000, 0x0000000615000000, 0x0000000615200000|  0%| F|  |TAMS 0x0000000615000000, 0x0000000615000000| Untracked 
| 157|0x0000000615200000, 0x0000000615200000, 0x0000000615400000|  0%| F|  |TAMS 0x0000000615200000, 0x0000000615200000| Untracked 
| 158|0x0000000615400000, 0x0000000615400000, 0x0000000615600000|  0%| F|  |TAMS 0x0000000615400000, 0x0000000615400000| Untracked 
| 159|0x0000000615600000, 0x0000000615600000, 0x0000000615800000|  0%| F|  |TAMS 0x0000000615600000, 0x0000000615600000| Untracked 
| 160|0x0000000615800000, 0x0000000615800000, 0x0000000615a00000|  0%| F|  |TAMS 0x0000000615800000, 0x0000000615800000| Untracked 
| 161|0x0000000615a00000, 0x0000000615a00000, 0x0000000615c00000|  0%| F|  |TAMS 0x0000000615a00000, 0x0000000615a00000| Untracked 
| 162|0x0000000615c00000, 0x0000000615c00000, 0x0000000615e00000|  0%| F|  |TAMS 0x0000000615c00000, 0x0000000615c00000| Untracked 
| 163|0x0000000615e00000, 0x0000000615e00000, 0x0000000616000000|  0%| F|  |TAMS 0x0000000615e00000, 0x0000000615e00000| Untracked 
| 164|0x0000000616000000, 0x0000000616000000, 0x0000000616200000|  0%| F|  |TAMS 0x0000000616000000, 0x0000000616000000| Untracked 
| 165|0x0000000616200000, 0x0000000616200000, 0x0000000616400000|  0%| F|  |TAMS 0x0000000616200000, 0x0000000616200000| Untracked 
| 166|0x0000000616400000, 0x0000000616400000, 0x0000000616600000|  0%| F|  |TAMS 0x0000000616400000, 0x0000000616400000| Untracked 
| 167|0x0000000616600000, 0x0000000616600000, 0x0000000616800000|  0%| F|  |TAMS 0x0000000616600000, 0x0000000616600000| Untracked 
| 168|0x0000000616800000, 0x0000000616800000, 0x0000000616a00000|  0%| F|  |TAMS 0x0000000616800000, 0x0000000616800000| Untracked 
| 169|0x0000000616a00000, 0x0000000616a00000, 0x0000000616c00000|  0%| F|  |TAMS 0x0000000616a00000, 0x0000000616a00000| Untracked 
| 170|0x0000000616c00000, 0x0000000616c00000, 0x0000000616e00000|  0%| F|  |TAMS 0x0000000616c00000, 0x0000000616c00000| Untracked 
| 171|0x0000000616e00000, 0x0000000616e00000, 0x0000000617000000|  0%| F|  |TAMS 0x0000000616e00000, 0x0000000616e00000| Untracked 
| 172|0x0000000617000000, 0x0000000617000000, 0x0000000617200000|  0%| F|  |TAMS 0x0000000617000000, 0x0000000617000000| Untracked 
| 173|0x0000000617200000, 0x0000000617200000, 0x0000000617400000|  0%| F|  |TAMS 0x0000000617200000, 0x0000000617200000| Untracked 
| 174|0x0000000617400000, 0x0000000617400000, 0x0000000617600000|  0%| F|  |TAMS 0x0000000617400000, 0x0000000617400000| Untracked 
| 175|0x0000000617600000, 0x0000000617600000, 0x0000000617800000|  0%| F|  |TAMS 0x0000000617600000, 0x0000000617600000| Untracked 
| 176|0x0000000617800000, 0x0000000617800000, 0x0000000617a00000|  0%| F|  |TAMS 0x0000000617800000, 0x0000000617800000| Untracked 
| 177|0x0000000617a00000, 0x0000000617a00000, 0x0000000617c00000|  0%| F|  |TAMS 0x0000000617a00000, 0x0000000617a00000| Untracked 
| 178|0x0000000617c00000, 0x0000000617c00000, 0x0000000617e00000|  0%| F|  |TAMS 0x0000000617c00000, 0x0000000617c00000| Untracked 
| 179|0x0000000617e00000, 0x0000000617e00000, 0x0000000618000000|  0%| F|  |TAMS 0x0000000617e00000, 0x0000000617e00000| Untracked 
| 180|0x0000000618000000, 0x0000000618000000, 0x0000000618200000|  0%| F|  |TAMS 0x0000000618000000, 0x0000000618000000| Untracked 
| 181|0x0000000618200000, 0x0000000618200000, 0x0000000618400000|  0%| F|  |TAMS 0x0000000618200000, 0x0000000618200000| Untracked 
| 182|0x0000000618400000, 0x0000000618400000, 0x0000000618600000|  0%| F|  |TAMS 0x0000000618400000, 0x0000000618400000| Untracked 
| 183|0x0000000618600000, 0x0000000618600000, 0x0000000618800000|  0%| F|  |TAMS 0x0000000618600000, 0x0000000618600000| Untracked 
| 184|0x0000000618800000, 0x0000000618800000, 0x0000000618a00000|  0%| F|  |TAMS 0x0000000618800000, 0x0000000618800000| Untracked 
| 185|0x0000000618a00000, 0x0000000618a00000, 0x0000000618c00000|  0%| F|  |TAMS 0x0000000618a00000, 0x0000000618a00000| Untracked 
| 186|0x0000000618c00000, 0x0000000618c00000, 0x0000000618e00000|  0%| F|  |TAMS 0x0000000618c00000, 0x0000000618c00000| Untracked 
| 187|0x0000000618e00000, 0x0000000618e00000, 0x0000000619000000|  0%| F|  |TAMS 0x0000000618e00000, 0x0000000618e00000| Untracked 
| 188|0x0000000619000000, 0x0000000619000000, 0x0000000619200000|  0%| F|  |TAMS 0x0000000619000000, 0x0000000619000000| Untracked 
| 189|0x0000000619200000, 0x0000000619200000, 0x0000000619400000|  0%| F|  |TAMS 0x0000000619200000, 0x0000000619200000| Untracked 
| 190|0x0000000619400000, 0x0000000619400000, 0x0000000619600000|  0%| F|  |TAMS 0x0000000619400000, 0x0000000619400000| Untracked 
| 191|0x0000000619600000, 0x0000000619600000, 0x0000000619800000|  0%| F|  |TAMS 0x0000000619600000, 0x0000000619600000| Untracked 
| 192|0x0000000619800000, 0x0000000619800000, 0x0000000619a00000|  0%| F|  |TAMS 0x0000000619800000, 0x0000000619800000| Untracked 
| 193|0x0000000619a00000, 0x0000000619a00000, 0x0000000619c00000|  0%| F|  |TAMS 0x0000000619a00000, 0x0000000619a00000| Untracked 
| 194|0x0000000619c00000, 0x0000000619c00000, 0x0000000619e00000|  0%| F|  |TAMS 0x0000000619c00000, 0x0000000619c00000| Untracked 
| 195|0x0000000619e00000, 0x0000000619e00000, 0x000000061a000000|  0%| F|  |TAMS 0x0000000619e00000, 0x0000000619e00000| Untracked 
| 196|0x000000061a000000, 0x000000061a000000, 0x000000061a200000|  0%| F|  |TAMS 0x000000061a000000, 0x000000061a000000| Untracked 
| 197|0x000000061a200000, 0x000000061a200000, 0x000000061a400000|  0%| F|  |TAMS 0x000000061a200000, 0x000000061a200000| Untracked 
| 198|0x000000061a400000, 0x000000061a400000, 0x000000061a600000|  0%| F|  |TAMS 0x000000061a400000, 0x000000061a400000| Untracked 
| 199|0x000000061a600000, 0x000000061a600000, 0x000000061a800000|  0%| F|  |TAMS 0x000000061a600000, 0x000000061a600000| Untracked 
| 200|0x000000061a800000, 0x000000061a800000, 0x000000061aa00000|  0%| F|  |TAMS 0x000000061a800000, 0x000000061a800000| Untracked 
| 201|0x000000061aa00000, 0x000000061aa00000, 0x000000061ac00000|  0%| F|  |TAMS 0x000000061aa00000, 0x000000061aa00000| Untracked 
| 202|0x000000061ac00000, 0x000000061ac00000, 0x000000061ae00000|  0%| F|  |TAMS 0x000000061ac00000, 0x000000061ac00000| Untracked 
| 203|0x000000061ae00000, 0x000000061ae00000, 0x000000061b000000|  0%| F|  |TAMS 0x000000061ae00000, 0x000000061ae00000| Untracked 
| 204|0x000000061b000000, 0x000000061b000000, 0x000000061b200000|  0%| F|  |TAMS 0x000000061b000000, 0x000000061b000000| Untracked 
| 205|0x000000061b200000, 0x000000061b200000, 0x000000061b400000|  0%| F|  |TAMS 0x000000061b200000, 0x000000061b200000| Untracked 
| 206|0x000000061b400000, 0x000000061b400000, 0x000000061b600000|  0%| F|  |TAMS 0x000000061b400000, 0x000000061b400000| Untracked 
| 207|0x000000061b600000, 0x000000061b600000, 0x000000061b800000|  0%| F|  |TAMS 0x000000061b600000, 0x000000061b600000| Untracked 
| 208|0x000000061b800000, 0x000000061b800000, 0x000000061ba00000|  0%| F|  |TAMS 0x000000061b800000, 0x000000061b800000| Untracked 
| 209|0x000000061ba00000, 0x000000061ba00000, 0x000000061bc00000|  0%| F|  |TAMS 0x000000061ba00000, 0x000000061ba00000| Untracked 
| 210|0x000000061bc00000, 0x000000061bc00000, 0x000000061be00000|  0%| F|  |TAMS 0x000000061bc00000, 0x000000061bc00000| Untracked 
| 211|0x000000061be00000, 0x000000061be00000, 0x000000061c000000|  0%| F|  |TAMS 0x000000061be00000, 0x000000061be00000| Untracked 
| 212|0x000000061c000000, 0x000000061c000000, 0x000000061c200000|  0%| F|  |TAMS 0x000000061c000000, 0x000000061c000000| Untracked 
| 213|0x000000061c200000, 0x000000061c200000, 0x000000061c400000|  0%| F|  |TAMS 0x000000061c200000, 0x000000061c200000| Untracked 
| 214|0x000000061c400000, 0x000000061c400000, 0x000000061c600000|  0%| F|  |TAMS 0x000000061c400000, 0x000000061c400000| Untracked 
| 215|0x000000061c600000, 0x000000061c600000, 0x000000061c800000|  0%| F|  |TAMS 0x000000061c600000, 0x000000061c600000| Untracked 
| 216|0x000000061c800000, 0x000000061c800000, 0x000000061ca00000|  0%| F|  |TAMS 0x000000061c800000, 0x000000061c800000| Untracked 
| 217|0x000000061ca00000, 0x000000061ca00000, 0x000000061cc00000|  0%| F|  |TAMS 0x000000061ca00000, 0x000000061ca00000| Untracked 
| 218|0x000000061cc00000, 0x000000061cc00000, 0x000000061ce00000|  0%| F|  |TAMS 0x000000061cc00000, 0x000000061cc00000| Untracked 
| 219|0x000000061ce00000, 0x000000061d000000, 0x000000061d000000|100%| S|CS|TAMS 0x000000061ce00000, 0x000000061ce00000| Complete 
| 220|0x000000061d000000, 0x000000061d200000, 0x000000061d200000|100%| S|CS|TAMS 0x000000061d000000, 0x000000061d000000| Complete 
| 221|0x000000061d200000, 0x000000061d400000, 0x000000061d400000|100%| S|CS|TAMS 0x000000061d200000, 0x000000061d200000| Complete 
| 222|0x000000061d400000, 0x000000061d600000, 0x000000061d600000|100%| S|CS|TAMS 0x000000061d400000, 0x000000061d400000| Complete 
| 223|0x000000061d600000, 0x000000061d800000, 0x000000061d800000|100%| S|CS|TAMS 0x000000061d600000, 0x000000061d600000| Complete 
| 224|0x000000061d800000, 0x000000061da00000, 0x000000061da00000|100%| S|CS|TAMS 0x000000061d800000, 0x000000061d800000| Complete 
| 225|0x000000061da00000, 0x000000061dc00000, 0x000000061dc00000|100%| S|CS|TAMS 0x000000061da00000, 0x000000061da00000| Complete 
| 226|0x000000061dc00000, 0x000000061de00000, 0x000000061de00000|100%| S|CS|TAMS 0x000000061dc00000, 0x000000061dc00000| Complete 
| 227|0x000000061de00000, 0x000000061e000000, 0x000000061e000000|100%| S|CS|TAMS 0x000000061de00000, 0x000000061de00000| Complete 
| 228|0x000000061e000000, 0x000000061e200000, 0x000000061e200000|100%| S|CS|TAMS 0x000000061e000000, 0x000000061e000000| Complete 
| 229|0x000000061e200000, 0x000000061e400000, 0x000000061e400000|100%| S|CS|TAMS 0x000000061e200000, 0x000000061e200000| Complete 
| 230|0x000000061e400000, 0x000000061e600000, 0x000000061e600000|100%| S|CS|TAMS 0x000000061e400000, 0x000000061e400000| Complete 
| 231|0x000000061e600000, 0x000000061e600000, 0x000000061e800000|  0%| F|  |TAMS 0x000000061e600000, 0x000000061e600000| Untracked 
| 232|0x000000061e800000, 0x000000061e800000, 0x000000061ea00000|  0%| F|  |TAMS 0x000000061e800000, 0x000000061e800000| Untracked 
| 233|0x000000061ea00000, 0x000000061ea00000, 0x000000061ec00000|  0%| F|  |TAMS 0x000000061ea00000, 0x000000061ea00000| Untracked 
| 234|0x000000061ec00000, 0x000000061ec00000, 0x000000061ee00000|  0%| F|  |TAMS 0x000000061ec00000, 0x000000061ec00000| Untracked 
| 235|0x000000061ee00000, 0x000000061ee00000, 0x000000061f000000|  0%| F|  |TAMS 0x000000061ee00000, 0x000000061ee00000| Untracked 
| 236|0x000000061f000000, 0x000000061f000000, 0x000000061f200000|  0%| F|  |TAMS 0x000000061f000000, 0x000000061f000000| Untracked 
| 237|0x000000061f200000, 0x000000061f200000, 0x000000061f400000|  0%| F|  |TAMS 0x000000061f200000, 0x000000061f200000| Untracked 
| 238|0x000000061f400000, 0x000000061f400000, 0x000000061f600000|  0%| F|  |TAMS 0x000000061f400000, 0x000000061f400000| Untracked 
| 239|0x000000061f600000, 0x000000061f600000, 0x000000061f800000|  0%| F|  |TAMS 0x000000061f600000, 0x000000061f600000| Untracked 
| 240|0x000000061f800000, 0x000000061f800000, 0x000000061fa00000|  0%| F|  |TAMS 0x000000061f800000, 0x000000061f800000| Untracked 
| 241|0x000000061fa00000, 0x000000061fa00000, 0x000000061fc00000|  0%| F|  |TAMS 0x000000061fa00000, 0x000000061fa00000| Untracked 
| 242|0x000000061fc00000, 0x000000061fc00000, 0x000000061fe00000|  0%| F|  |TAMS 0x000000061fc00000, 0x000000061fc00000| Untracked 
| 243|0x000000061fe00000, 0x000000061fe00000, 0x0000000620000000|  0%| F|  |TAMS 0x000000061fe00000, 0x000000061fe00000| Untracked 
| 244|0x0000000620000000, 0x0000000620000000, 0x0000000620200000|  0%| F|  |TAMS 0x0000000620000000, 0x0000000620000000| Untracked 
| 245|0x0000000620200000, 0x0000000620200000, 0x0000000620400000|  0%| F|  |TAMS 0x0000000620200000, 0x0000000620200000| Untracked 
| 246|0x0000000620400000, 0x0000000620400000, 0x0000000620600000|  0%| F|  |TAMS 0x0000000620400000, 0x0000000620400000| Untracked 
| 247|0x0000000620600000, 0x0000000620600000, 0x0000000620800000|  0%| F|  |TAMS 0x0000000620600000, 0x0000000620600000| Untracked 
| 248|0x0000000620800000, 0x0000000620800000, 0x0000000620a00000|  0%| F|  |TAMS 0x0000000620800000, 0x0000000620800000| Untracked 
| 249|0x0000000620a00000, 0x0000000620a00000, 0x0000000620c00000|  0%| F|  |TAMS 0x0000000620a00000, 0x0000000620a00000| Untracked 
| 250|0x0000000620c00000, 0x0000000620c00000, 0x0000000620e00000|  0%| F|  |TAMS 0x0000000620c00000, 0x0000000620c00000| Untracked 
| 251|0x0000000620e00000, 0x0000000620e00000, 0x0000000621000000|  0%| F|  |TAMS 0x0000000620e00000, 0x0000000620e00000| Untracked 
| 252|0x0000000621000000, 0x0000000621000000, 0x0000000621200000|  0%| F|  |TAMS 0x0000000621000000, 0x0000000621000000| Untracked 
| 253|0x0000000621200000, 0x0000000621200000, 0x0000000621400000|  0%| F|  |TAMS 0x0000000621200000, 0x0000000621200000| Untracked 
| 254|0x0000000621400000, 0x0000000621400000, 0x0000000621600000|  0%| F|  |TAMS 0x0000000621400000, 0x0000000621400000| Untracked 
| 255|0x0000000621600000, 0x0000000621600000, 0x0000000621800000|  0%| F|  |TAMS 0x0000000621600000, 0x0000000621600000| Untracked 

Card table byte_map: [0x000002b560ab0000,0x000002b561ab0000] _byte_map_base: 0x000002b55daa4000

Marking Bits (Prev, Next): (CMBitMap*) 0x000002b548f130f0, (CMBitMap*) 0x000002b548f130b8
 Prev Bits: [0x000002b56aa50000, 0x000002b5729f0000)
 Next Bits: [0x000002b562ab0000, 0x000002b56aa50000)

Polling page: 0x000002b546e30000

Metaspace:

Usage:
  Non-class:     62.94 MB capacity,    61.61 MB ( 98%) used,     1.07 MB (  2%) free+waste,   262.69 KB ( <1%) overhead. 
      Class:     10.13 MB capacity,     9.29 MB ( 92%) used,   734.67 KB (  7%) free+waste,   131.19 KB (  1%) overhead. 
       Both:     73.07 MB capacity,    70.89 MB ( 97%) used,     1.79 MB (  2%) free+waste,   393.88 KB ( <1%) overhead. 

Virtual space:
  Non-class space:       64.00 MB reserved,      63.00 MB ( 98%) committed 
      Class space:        1.00 GB reserved,      10.25 MB (  1%) committed 
             Both:        1.06 GB reserved,      73.25 MB (  7%) committed 

Chunk freelists:
   Non-Class:  0 bytes
       Class:  3.25 KB
        Both:  3.25 KB

CodeHeap 'non-profiled nmethods': size=238336Kb used=11022Kb max_used=11022Kb free=227313Kb
 bounds [0x000002b550ca0000, 0x000002b551770000, 0x000002b55f560000]
CodeHeap 'non-nmethods': size=7424Kb used=1307Kb max_used=1307Kb free=6116Kb
 bounds [0x000002b550560000, 0x000002b5507d0000, 0x000002b550ca0000]
 total_blobs=7686 nmethods=6989 adapters=622
 compilation: enabled
              stopped_count=0, restarted_count=0
 full_count=0

Compilation events (10 events):
Event: 17.065 Thread 0x000002b576164000 6987       1       com.fasterxml.jackson.core.base.GeneratorBase::getOutputContext (5 bytes)
Event: 17.065 Thread 0x000002b576164000 nmethod 6987 0x000002b551761f90 code [0x000002b551762120, 0x000002b5517621d8]
Event: 17.065 Thread 0x000002b576164000 6984       1       com.fasterxml.jackson.databind.JsonMappingException::wrapWithPath (14 bytes)
Event: 17.065 Thread 0x000002b576164000 nmethod 6984 0x000002b551762490 code [0x000002b551762620, 0x000002b5517627a8]
Event: 17.065 Thread 0x000002b576164000 6985       1       com.fasterxml.jackson.databind.JsonMappingException$Reference::<init> (20 bytes)
Event: 17.065 Thread 0x000002b576164000 nmethod 6985 0x000002b551762890 code [0x000002b551762a20, 0x000002b551762b38]
Event: 17.065 Thread 0x000002b576164000 6986       1       com.fasterxml.jackson.databind.ser.BeanPropertyWriter::getName (8 bytes)
Event: 17.066 Thread 0x000002b576164000 nmethod 6986 0x000002b551762b90 code [0x000002b551762d20, 0x000002b551762df8]
Event: 17.076 Thread 0x000002b576164000 6989       1       java.lang.ClassLoader::definePackage (84 bytes)
Event: 17.077 Thread 0x000002b576164000 nmethod 6989 0x000002b551762e90 code [0x000002b5517630c0, 0x000002b551763738]

GC Heap History (10 events):
Event: 1.355 GC heap after
{Heap after GC invocations=2 (full 0):
 garbage-first heap   total 524288K, used 8486K [0x0000000601800000, 0x0000000800000000)
  region size 2048K, 1 young (2048K), 1 survivors (2048K)
 Metaspace       used 16733K, capacity 17161K, committed 17408K, reserved 1064960K
  class space    used 1846K, capacity 2038K, committed 2048K, reserved 1048576K
}
Event: 1.677 GC heap before
{Heap before GC invocations=2 (full 0):
 garbage-first heap   total 524288K, used 31014K [0x0000000601800000, 0x0000000800000000)
  region size 2048K, 14 young (28672K), 1 survivors (2048K)
 Metaspace       used 20461K, capacity 21113K, committed 21248K, reserved 1067008K
  class space    used 2418K, capacity 2729K, committed 2816K, reserved 1048576K
}
Event: 1.680 GC heap after
{Heap after GC invocations=3 (full 0):
 garbage-first heap   total 524288K, used 9833K [0x0000000601800000, 0x0000000800000000)
  region size 2048K, 2 young (4096K), 2 survivors (4096K)
 Metaspace       used 20461K, capacity 21113K, committed 21248K, reserved 1067008K
  class space    used 2418K, capacity 2729K, committed 2816K, reserved 1048576K
}
Event: 2.297 GC heap before
{Heap before GC invocations=4 (full 0):
 garbage-first heap   total 524288K, used 63081K [0x0000000601800000, 0x0000000800000000)
  region size 2048K, 28 young (57344K), 2 survivors (4096K)
 Metaspace       used 25741K, capacity 26626K, committed 26880K, reserved 1073152K
  class space    used 3113K, capacity 3507K, committed 3584K, reserved 1048576K
}
Event: 2.302 GC heap after
{Heap after GC invocations=5 (full 0):
 garbage-first heap   total 524288K, used 12087K [0x0000000601800000, 0x0000000800000000)
  region size 2048K, 3 young (6144K), 3 survivors (6144K)
 Metaspace       used 25741K, capacity 26626K, committed 26880K, reserved 1073152K
  class space    used 3113K, capacity 3507K, committed 3584K, reserved 1048576K
}
Event: 4.409 GC heap before
{Heap before GC invocations=6 (full 0):
 garbage-first heap   total 524288K, used 180023K [0x0000000601800000, 0x0000000800000000)
  region size 2048K, 86 young (176128K), 3 survivors (6144K)
 Metaspace       used 43219K, capacity 44721K, committed 44800K, reserved 1087488K
  class space    used 5376K, capacity 5989K, committed 6016K, reserved 1048576K
}
Event: 4.423 GC heap after
{Heap after GC invocations=7 (full 0):
 garbage-first heap   total 524288K, used 21008K [0x0000000601800000, 0x0000000800000000)
  region size 2048K, 7 young (14336K), 7 survivors (14336K)
 Metaspace       used 43219K, capacity 44721K, committed 44800K, reserved 1087488K
  class space    used 5376K, capacity 5989K, committed 6016K, reserved 1048576K
}
Event: 10.073 GC heap before
{Heap before GC invocations=8 (full 0):
 garbage-first heap   total 524288K, used 315920K [0x0000000601800000, 0x0000000800000000)
  region size 2048K, 151 young (309248K), 7 survivors (14336K)
 Metaspace       used 67145K, capacity 69302K, committed 69632K, reserved 1110016K
  class space    used 8799K, capacity 9647K, committed 9728K, reserved 1048576K
}
Event: 10.088 GC heap after
{Heap after GC invocations=9 (full 0):
 garbage-first heap   total 524288K, used 29316K [0x0000000601800000, 0x0000000800000000)
  region size 2048K, 11 young (22528K), 11 survivors (22528K)
 Metaspace       used 67145K, capacity 69302K, committed 69632K, reserved 1110016K
  class space    used 8799K, capacity 9647K, committed 9728K, reserved 1048576K
}
Event: 17.078 GC heap before
{Heap before GC invocations=9 (full 0):
 garbage-first heap   total 524288K, used 78468K [0x0000000601800000, 0x0000000800000000)
  region size 2048K, 36 young (73728K), 11 survivors (22528K)
 Metaspace       used 72595K, capacity 74823K, committed 75008K, reserved 1114112K
  class space    used 9508K, capacity 10374K, committed 10496K, reserved 1048576K
}

Deoptimization events (0 events):
No events

Classes redefined (0 events):
No events

Internal exceptions (10 events):
Event: 17.058 Thread 0x000002b57a3ed800 Exception <a 'java/lang/StackOverflowError'{0x000000061e8bcc20}> (0x000000061e8bcc20) thrown at [./open/src/hotspot/share/runtime/javaCalls.cpp, line 404]
Event: 17.058 Thread 0x000002b57a3ed800 Exception <a 'java/lang/StackOverflowError'{0x000000061e8c2148}> (0x000000061e8c2148) thrown at [./open/src/hotspot/share/runtime/javaCalls.cpp, line 404]
Event: 17.058 Thread 0x000002b57a3ed800 Exception <a 'java/lang/StackOverflowError'{0x000000061e8c7670}> (0x000000061e8c7670) thrown at [./open/src/hotspot/share/runtime/javaCalls.cpp, line 404]
Event: 17.058 Thread 0x000002b57a3ed800 Exception <a 'java/lang/StackOverflowError'{0x000000061e8ccb98}> (0x000000061e8ccb98) thrown at [./open/src/hotspot/share/runtime/javaCalls.cpp, line 404]
Event: 17.059 Thread 0x000002b57a3ed800 Exception <a 'java/lang/StackOverflowError'{0x000000061e8d20c0}> (0x000000061e8d20c0) thrown at [./open/src/hotspot/share/runtime/javaCalls.cpp, line 404]
Event: 17.059 Thread 0x000002b57a3ed800 Exception <a 'java/lang/StackOverflowError'{0x000000061e8d75e8}> (0x000000061e8d75e8) thrown at [./open/src/hotspot/share/runtime/javaCalls.cpp, line 404]
Event: 17.059 Thread 0x000002b57a3ed800 Exception <a 'java/lang/StackOverflowError'{0x000000061e8dcb10}> (0x000000061e8dcb10) thrown at [./open/src/hotspot/share/runtime/javaCalls.cpp, line 404]
Event: 17.060 Thread 0x000002b57a3ed800 StackOverflowError at 0x000002b550ca16e0
Event: 17.060 Thread 0x000002b57a3ed800 Exception <a 'java/lang/StackOverflowError'{0x000000061e8e20d8}> (0x000000061e8e20d8) thrown at [./open/src/hotspot/share/runtime/sharedRuntime.cpp, line 605]
Event: 17.073 Thread 0x000002b57a3ed800 Exception <a 'java/lang/NoClassDefFoundError'{0x000000061e9af6c0}: sun/reflect/Reflection> (0x000000061e9af6c0) thrown at [./open/src/hotspot/share/classfile/systemDictionary.cpp, line 215]

Events (10 events):
Event: 17.072 loading class ch/qos/logback/classic/spi/PackagingDataCalculator done
Event: 17.073 loading class sun/reflect/Reflection
Event: 17.073 loading class sun/reflect/Reflection done
Event: 17.073 loading class ch/qos/logback/classic/spi/STEUtil
Event: 17.073 loading class ch/qos/logback/classic/spi/STEUtil done
Event: 17.074 loading class ch/qos/logback/classic/spi/ClassPackagingData
Event: 17.074 loading class ch/qos/logback/classic/spi/ClassPackagingData done
Event: 17.076 loading class jdk/internal/loader/BootLoader$PackageHelper
Event: 17.077 loading class jdk/internal/loader/BootLoader$PackageHelper done
Event: 17.078 Executing VM operation: CollectForMetadataAllocation


Dynamic libraries:
0x00007ff6ac390000 - 0x00007ff6ac3a0000 	C:\Program Files\Java\jdk-11\bin\java.exe
0x00007fff89190000 - 0x00007fff89388000 	C:\Windows\SYSTEM32\ntdll.dll
0x00007fff87ba0000 - 0x00007fff87c5d000 	C:\Windows\System32\KERNEL32.DLL
0x00007fff86be0000 - 0x00007fff86ed6000 	C:\Windows\System32\KERNELBASE.dll
0x00007fff868a0000 - 0x00007fff869a0000 	C:\Windows\System32\ucrtbase.dll
0x00007fff82430000 - 0x00007fff82449000 	C:\Program Files\Java\jdk-11\bin\jli.dll
0x00007fff82450000 - 0x00007fff8246b000 	C:\Program Files\Java\jdk-11\bin\VCRUNTIME140.dll
0x00007fff885a0000 - 0x00007fff8864f000 	C:\Windows\System32\ADVAPI32.dll
0x00007fff88b70000 - 0x00007fff88c0e000 	C:\Windows\System32\msvcrt.dll
0x00007fff872a0000 - 0x00007fff8733c000 	C:\Windows\System32\sechost.dll
0x00007fff87470000 - 0x00007fff87596000 	C:\Windows\System32\RPCRT4.dll
0x00007fff88f80000 - 0x00007fff8911e000 	C:\Windows\System32\USER32.dll
0x00007fff74b50000 - 0x00007fff74dea000 	C:\Windows\WinSxS\amd64_microsoft.windows.common-controls_6595b64144ccf1df_6.0.19041.3636_none_60b6a03d71f818d5\COMCTL32.dll
0x00007fff87120000 - 0x00007fff87142000 	C:\Windows\System32\win32u.dll
0x00007fff87340000 - 0x00007fff8736c000 	C:\Windows\System32\GDI32.dll
0x00007fff869a0000 - 0x00007fff86aba000 	C:\Windows\System32\gdi32full.dll
0x00007fff87150000 - 0x00007fff871ed000 	C:\Windows\System32\msvcp_win.dll
0x00007fff7f600000 - 0x00007fff7f60a000 	C:\Windows\SYSTEM32\VERSION.dll
0x00007fff89120000 - 0x00007fff89150000 	C:\Windows\System32\IMM32.DLL
0x00007fff823b0000 - 0x00007fff823bc000 	C:\Program Files\Java\jdk-11\bin\vcruntime140_1.dll
0x00007fff7aa80000 - 0x00007fff7ab0e000 	C:\Program Files\Java\jdk-11\bin\msvcp140.dll
0x00007ffecc3b0000 - 0x00007ffeccf1c000 	C:\Program Files\Java\jdk-11\bin\server\jvm.dll
0x00007fff88f70000 - 0x00007fff88f78000 	C:\Windows\System32\PSAPI.DLL
0x00007fff7fa40000 - 0x00007fff7fa49000 	C:\Windows\SYSTEM32\WSOCK32.dll
0x00007fff74900000 - 0x00007fff74927000 	C:\Windows\SYSTEM32\WINMM.dll
0x00007fff88530000 - 0x00007fff8859b000 	C:\Windows\System32\WS2_32.dll
0x00007fff847c0000 - 0x00007fff847d2000 	C:\Windows\SYSTEM32\kernel.appcore.dll
0x00007fff823a0000 - 0x00007fff823b0000 	C:\Program Files\Java\jdk-11\bin\verify.dll
0x00007fff84530000 - 0x00007fff84714000 	C:\Windows\SYSTEM32\DBGHELP.DLL
0x00007fff73c80000 - 0x00007fff73cb4000 	C:\Windows\SYSTEM32\dbgcore.DLL
0x00007fff87040000 - 0x00007fff870c2000 	C:\Windows\System32\bcryptPrimitives.dll
0x00007fff82370000 - 0x00007fff82398000 	C:\Program Files\Java\jdk-11\bin\java.dll
0x00007fff82360000 - 0x00007fff8236a000 	C:\Program Files\Java\jdk-11\bin\jimage.dll
0x00007fff82330000 - 0x00007fff8233e000 	C:\Program Files\Java\jdk-11\bin\instrument.dll
0x00007fff82340000 - 0x00007fff82357000 	C:\Program Files\Java\jdk-11\bin\zip.dll
0x00007fff87de0000 - 0x00007fff88524000 	C:\Windows\System32\SHELL32.dll
0x00007fff84930000 - 0x00007fff850cb000 	C:\Windows\SYSTEM32\windows.storage.dll
0x00007fff88c10000 - 0x00007fff88f64000 	C:\Windows\System32\combase.dll
0x00007fff862b0000 - 0x00007fff862dd000 	C:\Windows\SYSTEM32\Wldp.dll
0x00007fff871f0000 - 0x00007fff8729d000 	C:\Windows\System32\SHCORE.dll
0x00007fff886e0000 - 0x00007fff88735000 	C:\Windows\System32\shlwapi.dll
0x00007fff867a0000 - 0x00007fff867c5000 	C:\Windows\SYSTEM32\profapi.dll
0x00007fff7fce0000 - 0x00007fff7fcf9000 	C:\Program Files\Java\jdk-11\bin\net.dll
0x00007fff7d530000 - 0x00007fff7d63a000 	C:\Windows\SYSTEM32\WINHTTP.dll
0x00007fff86010000 - 0x00007fff8607a000 	C:\Windows\system32\mswsock.dll
0x00007fff7faa0000 - 0x00007fff7fab2000 	C:\Program Files\Java\jdk-11\bin\nio.dll
0x00007fff7fa80000 - 0x00007fff7fa9a000 	C:\Program Files\JetBrains\IntelliJ IDEA 2023.2.2\bin\breakgen64.dll
0x00007fff85cf0000 - 0x00007fff85dba000 	C:\Windows\SYSTEM32\DNSAPI.dll
0x00007fff85cb0000 - 0x00007fff85ceb000 	C:\Windows\SYSTEM32\IPHLPAPI.DLL
0x00007fff87400000 - 0x00007fff87408000 	C:\Windows\System32\NSI.dll
0x00007fff7f330000 - 0x00007fff7f33a000 	C:\Windows\System32\rasadhlp.dll
0x00007fff75ef0000 - 0x00007fff75f70000 	C:\Windows\System32\fwpuclnt.dll
0x00007fff86870000 - 0x00007fff86897000 	C:\Windows\System32\bcrypt.dll
0x00007fff7fcd0000 - 0x00007fff7fcd9000 	C:\Program Files\Java\jdk-11\bin\management.dll
0x00007fff7fa50000 - 0x00007fff7fa5b000 	C:\Program Files\Java\jdk-11\bin\management_ext.dll
0x00007fff86200000 - 0x00007fff86218000 	C:\Windows\SYSTEM32\CRYPTSP.dll
0x00007fff858d0000 - 0x00007fff85904000 	C:\Windows\system32\rsaenh.dll
0x00007fff86720000 - 0x00007fff8674e000 	C:\Windows\SYSTEM32\USERENV.dll
0x00007fff86220000 - 0x00007fff8622c000 	C:\Windows\SYSTEM32\CRYPTBASE.dll
0x00007fff7e090000 - 0x00007fff7e0a7000 	C:\Windows\SYSTEM32\dhcpcsvc6.DLL
0x00007fff7e0d0000 - 0x00007fff7e0ed000 	C:\Windows\SYSTEM32\dhcpcsvc.DLL
0x00007fff67800000 - 0x00007fff67817000 	C:\Windows\system32\napinsp.dll
0x00007fff677e0000 - 0x00007fff677fb000 	C:\Windows\system32\pnrpnsp.dll
0x00007fff81780000 - 0x00007fff81795000 	C:\Windows\system32\wshbth.dll
0x00007fff82310000 - 0x00007fff8232d000 	C:\Windows\system32\NLAapi.dll
0x00007fff67710000 - 0x00007fff67722000 	C:\Windows\System32\winrnr.dll
0x00007fff7ad10000 - 0x00007fff7ad37000 	C:\Program Files\Java\jdk-11\bin\sunec.dll
0x00007fff7ad50000 - 0x00007fff7ad5d000 	C:\Program Files\Java\jdk-11\bin\sunmscapi.dll
0x00007fff86ee0000 - 0x00007fff8703d000 	C:\Windows\System32\CRYPT32.dll
0x00007fff86320000 - 0x00007fff86347000 	C:\Windows\SYSTEM32\ncrypt.dll
0x00007fff862e0000 - 0x00007fff8631b000 	C:\Windows\SYSTEM32\NTASN1.dll

dbghelp: loaded successfully - version: 4.0.5 - missing functions: none
symbol engine: initialized successfully - sym options: 0x614 - pdb path: .;C:\Program Files\Java\jdk-11\bin;C:\Windows\SYSTEM32;C:\Windows\WinSxS\amd64_microsoft.windows.common-controls_6595b64144ccf1df_6.0.19041.3636_none_60b6a03d71f818d5;C:\Program Files\Java\jdk-11\bin\server;C:\Program Files\JetBrains\IntelliJ IDEA 2023.2.2\bin

VM Arguments:
jvm_args: -XX:TieredStopAtLevel=1 -Xverify:none -Dspring.output.ansi.enabled=always -Dcom.sun.management.jmxremote -Dspring.jmx.enabled=true -Dspring.liveBeansView.mbeanDomain -Dspring.application.admin.enabled=true -Dmanagement.endpoints.jmx.exposure.include=* -javaagent:C:\Program Files\JetBrains\IntelliJ IDEA 2023.2.2\lib\idea_rt.jar=63919:C:\Program Files\JetBrains\IntelliJ IDEA 2023.2.2\bin -Dfile.encoding=UTF-8 
java_command: lambich.dailyshop.DailyShopApplication
java_class_path (initial): D:\SpringBootApp\DailyMart\target\classes;C:\Users\Admin\.m2\repository\org\springframework\boot\spring-boot-starter-mail\2.6.4\spring-boot-starter-mail-2.6.4.jar;C:\Users\Admin\.m2\repository\org\springframework\boot\spring-boot-starter\2.6.4\spring-boot-starter-2.6.4.jar;C:\Users\Admin\.m2\repository\org\springframework\boot\spring-boot-starter-logging\2.6.4\spring-boot-starter-logging-2.6.4.jar;C:\Users\Admin\.m2\repository\org\apache\logging\log4j\log4j-to-slf4j\2.17.1\log4j-to-slf4j-2.17.1.jar;C:\Users\Admin\.m2\repository\org\apache\logging\log4j\log4j-api\2.17.1\log4j-api-2.17.1.jar;C:\Users\Admin\.m2\repository\jakarta\annotation\jakarta.annotation-api\1.3.5\jakarta.annotation-api-1.3.5.jar;C:\Users\Admin\.m2\repository\org\yaml\snakeyaml\1.29\snakeyaml-1.29.jar;C:\Users\Admin\.m2\repository\org\springframework\spring-context-support\5.3.16\spring-context-support-5.3.16.jar;C:\Users\Admin\.m2\repository\org\springframework\spring-beans\5.3.16\spring-beans-5.3.16.jar;C:\Users\Admin\.m2\repository\org\springframework\spring-context\5.3.16\spring-context-5.3.16.jar;C:\Users\Admin\.m2\repository\com\sun\mail\jakarta.mail\1.6.7\jakarta.mail-1.6.7.jar;C:\Users\Admin\.m2\repository\com\sun\activation\jakarta.activation\1.2.2\jakarta.activation-1.2.2.jar;C:\Users\Admin\.m2\repository\org\springframework\boot\spring-boot-starter-jdbc\2.6.4\spring-boot-starter-jdbc-2.6.4.jar;C:\Users\Admin\.m2\repository\com\zaxxer\HikariCP\4.0.3\HikariCP-4.0.3.jar;C:\Users\Admin\.m2\repository\org\springframework\spring-jdbc\5.3.16\spring-jdbc-5.3.16.jar;C:\Users\Admin\.m2\repository\org\springframework\spring-tx\5.3.16\spring-tx-5.3.16.jar;C:\Users\Admin\.m2\repository\org\springframework\boot\spring-boot-starter-security\2.6.4\spring-boot-starter-security-2.6.4.jar;C:\Users\Admin\.m2\repository\org\springframework\spring-aop\5.3.16\spring-aop-5.3.16.jar;C:\Users\Admin\.m2\repository\org\springframework\security\spring-security-config\5.6.2\spring-securi
Launcher Type: SUN_STANDARD

[Global flags]
     bool BytecodeVerificationLocal                = false                                     {product} {command line}
     bool BytecodeVerificationRemote               = false                                     {product} {command line}
     intx CICompilerCount                          = 4                                         {product} {ergonomic}
     uint ConcGCThreads                            = 3                                         {product} {ergonomic}
     uint G1ConcRefinementThreads                  = 10                                        {product} {ergonomic}
   size_t G1HeapRegionSize                         = 2097152                                   {product} {ergonomic}
    uintx GCDrainStackTargetSize                   = 64                                        {product} {ergonomic}
   size_t InitialHeapSize                          = 536870912                                 {product} {ergonomic}
     bool ManagementServer                         = true                                      {product} {command line}
   size_t MarkStackSize                            = 4194304                                   {product} {ergonomic}
   size_t MaxHeapSize                              = 8564768768                                {product} {ergonomic}
   size_t MaxNewSize                               = 5138022400                                {product} {ergonomic}
   size_t MinHeapDeltaBytes                        = 2097152                                   {product} {ergonomic}
    uintx NonNMethodCodeHeapSize                   = 7549744                                {pd product} {ergonomic}
    uintx NonProfiledCodeHeapSize                  = 244108496                              {pd product} {ergonomic}
    uintx ProfiledCodeHeapSize                     = 0                                      {pd product} {ergonomic}
    uintx ReservedCodeCacheSize                    = 251658240                              {pd product} {ergonomic}
     bool SegmentedCodeCache                       = true                                      {product} {ergonomic}
     intx TieredStopAtLevel                        = 1                                         {product} {command line}
     bool UseCompressedClassPointers               = true                                 {lp64_product} {ergonomic}
     bool UseCompressedOops                        = true                                 {lp64_product} {ergonomic}
     bool UseG1GC                                  = true                                      {product} {ergonomic}
     bool UseLargePagesIndividualAllocation        = false                                  {pd product} {ergonomic}

Logging:
Log output configuration:
 #0: stdout all=warning uptime,level,tags
 #1: stderr all=off uptime,level,tags

Environment Variables:
JAVA_HOME=C:\Program Files\Java\jdk-11
PATH=C:\Program Files\Common Files\Oracle\Java\javapath;C:\Python311\Scripts\;C:\Python311\;C:\Program Files (x86)\Common Files\Oracle\Java\javapath;C:\Windows\system32;C:\Windows;C:\Windows\System32\Wbem;C:\Windows\System32\WindowsPowerShell\v1.0\;C:\Windows\System32\OpenSSH\;C:\Program Files (x86)\NVIDIA Corporation\PhysX\Common;C:\Program Files\Git\cmd;C:\Program Files (x86)\Windows Kits\10\Windows Performance Toolkit\;C:\Program Files\nodejs\;C:\ProgramData\chocolatey\bin;C:\Program Files\Microsoft SQL Server\150\Tools\Binn\;C:\Program Files\Microsoft SQL Server\Client SDK\ODBC\170\Tools\Binn\;C:\Program Files\dotnet\;C:\Program Files (x86)\Microsoft SQL Server\160\DTS\Binn\;C:\Program Files\Azure Data Studio\bin;C:\Program Files (x86)\Microsoft SQL Server\160\Tools\Binn\;C:\Program Files\Microsoft SQL Server\160\Tools\Binn\;C:\Program Files\Microsoft SQL Server\160\DTS\Binn\;C:\Program Files\MySQL\MySQL Server 8.0\bin;C:\Program Files\Apache Maven\apache-maven-3.9.5\bin;C:\Users\Admin\AppData\Local\Microsoft\WindowsApps;C:\Users\Admin\AppData\Local\Programs\Microsoft VS Code\bin;C:\src\flutter\bin;C:\src\cmdline-tools\bin;C:\Program Files\Git\bin;C:\Users\Admin\AppData\Local\Pub\Cache\bin;C:\Users\Admin\AppData\Roaming\npm;C:\Users\Admin\.dotnet\tools;C:\Program Files\Azure Data Studio\bin;C:\Program Files\MySQL\MySQL Server 8.0\bin\mysql;C:\Program Files\MySQL\MySQL Server 8.0\bin;
USERNAME=Admin
OS=Windows_NT
PROCESSOR_IDENTIFIER=Intel64 Family 6 Model 158 Stepping 10, GenuineIntel



---------------  S Y S T E M  ---------------

OS: Windows 10 , 64 bit Build 19041 (10.0.19041.3636)

CPU:total 12 (initial active 12) (6 cores per cpu, 2 threads per core) family 6 model 158 stepping 10 microcode 0xb4, cmov, cx8, fxsr, mmx, sse, sse2, sse3, ssse3, sse4.1, sse4.2, popcnt, avx, avx2, aes, clmul, erms, 3dnowpref, lzcnt, ht, tsc, tscinvbit, bmi1, bmi2, adx, fma

Memory: 4k page, system-wide physical 32667M (7302M free)
TotalPageFile size 62398M (AvailPageFile size 27M)
current process WorkingSet (physical memory assigned to process): 480M, peak: 480M
current process commit charge ("private bytes"): 727M, peak: 831M

vm_info: Java HotSpot(TM) 64-Bit Server VM (11.0.19+9-LTS-224) for windows-amd64 JRE (11.0.19+9-LTS-224), built on Mar 27 2023 08:48:55 by "mach5one" with MS VC++ 17.1 (VS2022)

END.
